update-alternatives 2014-12-11 03:59:52: run with --quiet --install /usr/bin/awk awk /usr/bin/mawk 5 --slave /usr/share/man/man1/awk.1.gz awk.1.gz /usr/share/man/man1/mawk.1.gz --slave /usr/bin/nawk nawk /usr/bin/mawk --slave /usr/share/man/man1/nawk.1.gz nawk.1.gz /usr/share/man/man1/mawk.1.gz
update-alternatives 2014-12-11 03:59:52: link group awk updated to point to /usr/bin/mawk
update-alternatives 2014-12-11 03:59:56: run with --install /bin/mt mt /bin/mt-gnu 10 --slave /usr/share/man/man1/mt.1.gz mt.1.gz /usr/share/man/man1/mt-gnu.1.gz
update-alternatives 2014-12-11 03:59:56: link group mt updated to point to /bin/mt-gnu
update-alternatives 2014-12-11 03:59:56: run with --quiet --install /usr/bin/awk awk /usr/bin/mawk 5 --slave /usr/share/man/man1/awk.1.gz awk.1.gz /usr/share/man/man1/mawk.1.gz --slave /usr/bin/nawk nawk /usr/bin/mawk --slave /usr/share/man/man1/nawk.1.gz nawk.1.gz /usr/share/man/man1/mawk.1.gz
update-alternatives 2014-12-11 04:00:01: run with --install /usr/sbin/rmt rmt /usr/sbin/rmt-tar 50 --slave /usr/share/man/man8/rmt.8.gz rmt.8.gz /usr/share/man/man8/rmt-tar.8.gz
update-alternatives 2014-12-11 04:00:01: link group rmt updated to point to /usr/sbin/rmt-tar
update-alternatives 2014-12-11 04:00:01: run with --install /usr/share/man/man7/builtins.7.gz builtins.7.gz /usr/share/man/man7/bash-builtins.7.gz 10
update-alternatives 2014-12-11 04:00:01: link group builtins.7.gz updated to point to /usr/share/man/man7/bash-builtins.7.gz
update-alternatives 2014-12-11 04:00:02: run with --install /usr/bin/pager pager /bin/more 50 --slave /usr/share/man/man1/pager.1.gz pager.1.gz /usr/share/man/man1/more.1.gz
update-alternatives 2014-12-11 04:00:02: link group pager updated to point to /bin/more
update-alternatives 2014-12-11 04:00:02: run with --install /usr/bin/pager pager /usr/bin/pg 10 --slave /usr/share/man/man1/pager.1.gz pager.1.gz /usr/share/man/man1/pg.1.gz
update-alternatives 2014-12-11 04:00:02: run with --install /usr/bin/w w /usr/bin/w.procps 50 --slave /usr/share/man/man1/w.1.gz w.1.gz /usr/share/man/man1/w.procps.1.gz
update-alternatives 2014-12-11 04:00:02: link group w updated to point to /usr/bin/w.procps
update-alternatives 2014-12-11 04:00:12: run with --install /etc/newt/palette newt-palette /etc/newt/palette.ubuntu 50
update-alternatives 2014-12-11 04:00:12: link group newt-palette updated to point to /etc/newt/palette.ubuntu
update-alternatives 2014-12-11 04:00:12: run with --install /etc/newt/palette newt-palette /etc/newt/palette.original 20
update-alternatives 2014-12-11 04:00:12: run with --install /usr/bin/view view /usr/bin/see 1 --slave /usr/share/man/man1/view.1.gz view.1.gz /usr/share/man/man1/see.1.gz
update-alternatives 2014-12-11 04:00:12: link group view updated to point to /usr/bin/see
update-alternatives 2014-12-11 04:00:12: run with --install /usr/bin/rview rview /usr/bin/vim.tiny 10
update-alternatives 2014-12-11 04:00:12: link group rview updated to point to /usr/bin/vim.tiny
update-alternatives 2014-12-11 04:00:12: run with --install /usr/bin/vi vi /usr/bin/vim.tiny 10 --slave /usr/share/man/fr/man1/vi.1.gz vi.fr.1.gz /usr/share/man/fr/man1/vim.1.gz --slave /usr/share/man/it/man1/vi.1.gz vi.it.1.gz /usr/share/man/it/man1/vim.1.gz --slave /usr/share/man/pl/man1/vi.1.gz vi.pl.1.gz /usr/share/man/pl/man1/vim.1.gz --slave /usr/share/man/ru/man1/vi.1.gz vi.ru.1.gz /usr/share/man/ru/man1/vim.1.gz --slave /usr/share/man/ja/man1/vi.1.gz vi.ja.1.gz /usr/share/man/ja/man1/vim.1.gz --slave /usr/share/man/man1/vi.1.gz vi.1.gz /usr/share/man/man1/vim.1.gz
update-alternatives 2014-12-11 04:00:12: link group vi updated to point to /usr/bin/vim.tiny
update-alternatives 2014-12-11 04:00:12: run with --install /usr/bin/view view /usr/bin/vim.tiny 10 --slave /usr/share/man/fr/man1/view.1.gz view.fr.1.gz /usr/share/man/fr/man1/vim.1.gz --slave /usr/share/man/it/man1/view.1.gz view.it.1.gz /usr/share/man/it/man1/vim.1.gz --slave /usr/share/man/pl/man1/view.1.gz view.pl.1.gz /usr/share/man/pl/man1/vim.1.gz --slave /usr/share/man/ru/man1/view.1.gz view.ru.1.gz /usr/share/man/ru/man1/vim.1.gz --slave /usr/share/man/ja/man1/view.1.gz view.ja.1.gz /usr/share/man/ja/man1/vim.1.gz --slave /usr/share/man/man1/view.1.gz view.1.gz /usr/share/man/man1/vim.1.gz
update-alternatives 2014-12-11 04:00:12: link group view updated to point to /usr/bin/vim.tiny
update-alternatives 2014-12-11 04:00:12: run with --install /usr/bin/ex ex /usr/bin/vim.tiny 10 --slave /usr/share/man/fr/man1/ex.1.gz ex.fr.1.gz /usr/share/man/fr/man1/vim.1.gz --slave /usr/share/man/it/man1/ex.1.gz ex.it.1.gz /usr/share/man/it/man1/vim.1.gz --slave /usr/share/man/pl/man1/ex.1.gz ex.pl.1.gz /usr/share/man/pl/man1/vim.1.gz --slave /usr/share/man/ru/man1/ex.1.gz ex.ru.1.gz /usr/share/man/ru/man1/vim.1.gz --slave /usr/share/man/ja/man1/ex.1.gz ex.ja.1.gz /usr/share/man/ja/man1/vim.1.gz --slave /usr/share/man/man1/ex.1.gz ex.1.gz /usr/share/man/man1/vim.1.gz
update-alternatives 2014-12-11 04:00:12: link group ex updated to point to /usr/bin/vim.tiny
update-alternatives 2014-12-11 04:00:12: run with --install /usr/bin/editor editor /usr/bin/vim.tiny 10 --slave /usr/share/man/fr/man1/editor.1.gz editor.fr.1.gz /usr/share/man/fr/man1/vim.1.gz --slave /usr/share/man/it/man1/editor.1.gz editor.it.1.gz /usr/share/man/it/man1/vim.1.gz --slave /usr/share/man/pl/man1/editor.1.gz editor.pl.1.gz /usr/share/man/pl/man1/vim.1.gz --slave /usr/share/man/ru/man1/editor.1.gz editor.ru.1.gz /usr/share/man/ru/man1/vim.1.gz --slave /usr/share/man/ja/man1/editor.1.gz editor.ja.1.gz /usr/share/man/ja/man1/vim.1.gz --slave /usr/share/man/man1/editor.1.gz editor.1.gz /usr/share/man/man1/vim.1.gz
update-alternatives 2014-12-11 04:00:12: link group editor updated to point to /usr/bin/vim.tiny
update-alternatives 2014-12-11 04:00:12: run with --quiet --install /usr/bin/pager pager /bin/less 77 --slave /usr/share/man/man1/pager.1.gz pager.1.gz /usr/share/man/man1/less.1.gz
update-alternatives 2014-12-11 04:00:12: link group pager updated to point to /bin/less
update-alternatives 2014-12-11 04:00:12: run with --quiet --install /usr/bin/pager pager /bin/less 77 --slave /usr/share/man/man1/pager.1.gz pager.1.gz /usr/share/man/man1/less.1.gz
update-alternatives 2014-12-11 04:00:12: run with --install /bin/nc nc /bin/nc.openbsd 50 --slave /bin/netcat netcat /bin/nc.openbsd --slave /usr/share/man/man1/nc.1.gz nc.1.gz /usr/share/man/man1/nc_openbsd.1.gz --slave /usr/share/man/man1/netcat.1.gz netcat.1.gz /usr/share/man/man1/nc_openbsd.1.gz
update-alternatives 2014-12-11 04:00:12: link group nc updated to point to /bin/nc.openbsd
update-alternatives 2014-12-11 04:00:15: run with --install /usr/bin/vim vim /usr/bin/vim.basic 30
update-alternatives 2014-12-11 04:00:15: link group vim updated to point to /usr/bin/vim.basic
update-alternatives 2014-12-11 04:00:15: run with --install /usr/bin/vimdiff vimdiff /usr/bin/vim.basic 30
update-alternatives 2014-12-11 04:00:15: link group vimdiff updated to point to /usr/bin/vim.basic
update-alternatives 2014-12-11 04:00:15: run with --install /usr/bin/rvim rvim /usr/bin/vim.basic 30
update-alternatives 2014-12-11 04:00:15: link group rvim updated to point to /usr/bin/vim.basic
update-alternatives 2014-12-11 04:00:15: run with --install /usr/bin/rview rview /usr/bin/vim.basic 30
update-alternatives 2014-12-11 04:00:15: link group rview updated to point to /usr/bin/vim.basic
update-alternatives 2014-12-11 04:00:15: run with --install /usr/bin/vi vi /usr/bin/vim.basic 30 --slave /usr/share/man/fr/man1/vi.1.gz vi.fr.1.gz /usr/share/man/fr/man1/vim.1.gz --slave /usr/share/man/it/man1/vi.1.gz vi.it.1.gz /usr/share/man/it/man1/vim.1.gz --slave /usr/share/man/pl/man1/vi.1.gz vi.pl.1.gz /usr/share/man/pl/man1/vim.1.gz --slave /usr/share/man/ru/man1/vi.1.gz vi.ru.1.gz /usr/share/man/ru/man1/vim.1.gz --slave /usr/share/man/ja/man1/vi.1.gz vi.ja.1.gz /usr/share/man/ja/man1/vim.1.gz --slave /usr/share/man/man1/vi.1.gz vi.1.gz /usr/share/man/man1/vim.1.gz
update-alternatives 2014-12-11 04:00:15: link group vi updated to point to /usr/bin/vim.basic
update-alternatives 2014-12-11 04:00:15: run with --install /usr/bin/view view /usr/bin/vim.basic 30 --slave /usr/share/man/fr/man1/view.1.gz view.fr.1.gz /usr/share/man/fr/man1/vim.1.gz --slave /usr/share/man/it/man1/view.1.gz view.it.1.gz /usr/share/man/it/man1/vim.1.gz --slave /usr/share/man/pl/man1/view.1.gz view.pl.1.gz /usr/share/man/pl/man1/vim.1.gz --slave /usr/share/man/ru/man1/view.1.gz view.ru.1.gz /usr/share/man/ru/man1/vim.1.gz --slave /usr/share/man/ja/man1/view.1.gz view.ja.1.gz /usr/share/man/ja/man1/vim.1.gz --slave /usr/share/man/man1/view.1.gz view.1.gz /usr/share/man/man1/vim.1.gz
update-alternatives 2014-12-11 04:00:15: link group view updated to point to /usr/bin/vim.basic
update-alternatives 2014-12-11 04:00:15: run with --install /usr/bin/ex ex /usr/bin/vim.basic 30 --slave /usr/share/man/fr/man1/ex.1.gz ex.fr.1.gz /usr/share/man/fr/man1/vim.1.gz --slave /usr/share/man/it/man1/ex.1.gz ex.it.1.gz /usr/share/man/it/man1/vim.1.gz --slave /usr/share/man/pl/man1/ex.1.gz ex.pl.1.gz /usr/share/man/pl/man1/vim.1.gz --slave /usr/share/man/ru/man1/ex.1.gz ex.ru.1.gz /usr/share/man/ru/man1/vim.1.gz --slave /usr/share/man/ja/man1/ex.1.gz ex.ja.1.gz /usr/share/man/ja/man1/vim.1.gz --slave /usr/share/man/man1/ex.1.gz ex.1.gz /usr/share/man/man1/vim.1.gz
update-alternatives 2014-12-11 04:00:15: link group ex updated to point to /usr/bin/vim.basic
update-alternatives 2014-12-11 04:00:15: run with --install /usr/bin/editor editor /usr/bin/vim.basic 30 --slave /usr/share/man/fr/man1/editor.1.gz editor.fr.1.gz /usr/share/man/fr/man1/vim.1.gz --slave /usr/share/man/it/man1/editor.1.gz editor.it.1.gz /usr/share/man/it/man1/vim.1.gz --slave /usr/share/man/pl/man1/editor.1.gz editor.pl.1.gz /usr/share/man/pl/man1/vim.1.gz --slave /usr/share/man/ru/man1/editor.1.gz editor.ru.1.gz /usr/share/man/ru/man1/vim.1.gz --slave /usr/share/man/ja/man1/editor.1.gz editor.ja.1.gz /usr/share/man/ja/man1/vim.1.gz --slave /usr/share/man/man1/editor.1.gz editor.1.gz /usr/share/man/man1/vim.1.gz
update-alternatives 2014-12-11 04:00:15: link group editor updated to point to /usr/bin/vim.basic
update-alternatives 2014-12-11 04:00:16: run with --quiet --install /usr/bin/rsh rsh /usr/bin/ssh 20 --slave /usr/share/man/man1/rsh.1.gz rsh.1.gz /usr/share/man/man1/ssh.1.gz
update-alternatives 2014-12-11 04:00:16: link group rsh updated to point to /usr/bin/ssh
update-alternatives 2014-12-11 04:00:16: run with --quiet --install /usr/bin/rlogin rlogin /usr/bin/slogin 20 --slave /usr/share/man/man1/rlogin.1.gz rlogin.1.gz /usr/share/man/man1/slogin.1.gz
update-alternatives 2014-12-11 04:00:16: link group rlogin updated to point to /usr/bin/slogin
update-alternatives 2014-12-11 04:00:16: run with --quiet --install /usr/bin/rcp rcp /usr/bin/scp 20 --slave /usr/share/man/man1/rcp.1.gz rcp.1.gz /usr/share/man/man1/scp.1.gz
update-alternatives 2014-12-11 04:00:16: link group rcp updated to point to /usr/bin/scp
update-alternatives 2014-12-11 04:00:18: run with --install /etc/vtrgb vtrgb /etc/console-setup/vtrgb 50
update-alternatives 2014-12-11 04:00:18: link group vtrgb updated to point to /etc/console-setup/vtrgb
update-alternatives 2014-12-11 04:00:18: run with --install /etc/vtrgb vtrgb /etc/console-setup/vtrgb.vga 20
update-alternatives 2014-12-11 04:00:32: run with --install /usr/bin/rename rename /usr/bin/prename 60 --slave /usr/share/man/man1/rename.1.gz rename.1.gz /usr/share/man/man1/prename.1.gz
update-alternatives 2014-12-11 04:00:32: link group rename updated to point to /usr/bin/prename
update-alternatives 2014-12-11 04:00:46: run with --remove builtins.7.gz /usr/share/man/man7/bash-builtins.7.gz
update-alternatives 2014-12-11 04:00:46: link group builtins.7.gz fully removed
update-alternatives 2014-12-11 04:00:46: run with --install /usr/share/man/man7/builtins.7.gz builtins.7.gz /usr/share/man/man7/bash-builtins.7.gz 10
update-alternatives 2014-12-11 04:00:46: link group builtins.7.gz updated to point to /usr/share/man/man7/bash-builtins.7.gz
update-alternatives 2014-12-11 04:00:47: run with --install /usr/bin/pager pager /bin/more 50 --slave /usr/share/man/man1/pager.1.gz pager.1.gz /usr/share/man/man1/more.1.gz
update-alternatives 2014-12-11 04:00:47: run with --install /usr/bin/pager pager /usr/bin/pg 10 --slave /usr/share/man/man1/pager.1.gz pager.1.gz /usr/share/man/man1/pg.1.gz
update-alternatives 2014-12-11 04:00:54: run with --quiet --remove rlogin /usr/bin/ssh
update-alternatives 2014-12-11 04:00:54: run with --quiet --remove rcp /usr/bin/ssh
update-alternatives 2014-12-11 11:42:05: run with --install /usr/share/icons/default/index.theme x-cursor-theme /usr/share/icons/DMZ-White/cursor.theme 100
update-alternatives 2014-12-11 11:42:05: link group x-cursor-theme updated to point to /usr/share/icons/DMZ-White/cursor.theme
update-alternatives 2014-12-11 11:42:05: run with --install /usr/share/icons/default/index.theme x-cursor-theme /usr/share/icons/DMZ-Black/cursor.theme 30
update-alternatives 2014-12-11 11:53:28: run with --force --install /etc/ld.so.conf.d/i386-linux-gnu_GL.conf i386-linux-gnu_gl_conf /usr/lib/i386-linux-gnu/mesa/ld.so.conf 500 --slave /usr/lib/i386-linux-gnu/xorg/extra-modules i386-linux-gnu_xorg_extra_modules /usr/lib/i386-linux-gnu/xorg/x11-extra-modules
update-alternatives 2014-12-11 11:53:28: link group i386-linux-gnu_gl_conf updated to point to /usr/lib/i386-linux-gnu/mesa/ld.so.conf
update-alternatives 2014-12-11 11:53:32: run with --install /usr/lib/i386-linux-gnu/libtxc_dxtn.so libtxc-dxtn-i386-linux-gnu /usr/lib/i386-linux-gnu/libtxc_dxtn_s2tc.so.0 10
update-alternatives 2014-12-11 11:53:32: link group libtxc-dxtn-i386-linux-gnu updated to point to /usr/lib/i386-linux-gnu/libtxc_dxtn_s2tc.so.0
update-alternatives 2014-12-11 11:53:33: run with --quiet --install /lib/cpp cpp /usr/bin/cpp 10
update-alternatives 2014-12-11 11:53:33: link group cpp updated to point to /usr/bin/cpp
update-alternatives 2014-12-11 11:53:39: run with --install /usr/bin/x-www-browser x-www-browser /usr/bin/chromium-browser 40
update-alternatives 2014-12-11 11:53:39: link group x-www-browser updated to point to /usr/bin/chromium-browser
update-alternatives 2014-12-11 11:53:39: run with --install /usr/bin/gnome-www-browser gnome-www-browser /usr/bin/chromium-browser 40
update-alternatives 2014-12-11 11:53:39: link group gnome-www-browser updated to point to /usr/bin/chromium-browser
update-alternatives 2014-12-11 13:51:47: run with --install /usr/bin/x-www-browser x-www-browser /usr/bin/google-chrome-stable 200
update-alternatives 2014-12-11 13:51:47: link group x-www-browser updated to point to /usr/bin/google-chrome-stable
update-alternatives 2014-12-11 13:51:47: run with --install /usr/bin/gnome-www-browser gnome-www-browser /usr/bin/google-chrome-stable 200
update-alternatives 2014-12-11 13:51:47: link group gnome-www-browser updated to point to /usr/bin/google-chrome-stable
update-alternatives 2014-12-11 13:51:47: run with --install /usr/bin/google-chrome google-chrome /usr/bin/google-chrome-stable 200
update-alternatives 2014-12-11 13:51:47: link group google-chrome updated to point to /usr/bin/google-chrome-stable
update-alternatives 2014-12-12 08:40:43: run with --remove x-www-browser /usr/bin/google-chrome-stable
update-alternatives 2014-12-12 08:40:43: link group x-www-browser updated to point to /usr/bin/chromium-browser
update-alternatives 2014-12-12 08:40:43: run with --remove gnome-www-browser /usr/bin/google-chrome-stable
update-alternatives 2014-12-12 08:40:43: link group gnome-www-browser updated to point to /usr/bin/chromium-browser
update-alternatives 2014-12-12 08:40:43: run with --remove google-chrome /usr/bin/google-chrome-stable
update-alternatives 2014-12-12 08:40:43: link group google-chrome fully removed
update-alternatives 2016-09-22 10:38:00: run with --force --install /etc/ld.so.conf.d/i386-linux-gnu_EGL.conf i386-linux-gnu_egl_conf /usr/lib/i386-linux-gnu/mesa-egl/ld.so.conf 500
update-alternatives 2016-09-22 10:38:00: link group i386-linux-gnu_egl_conf updated to point to /usr/lib/i386-linux-gnu/mesa-egl/ld.so.conf
update-alternatives 2016-09-22 10:38:00: run with --force --install /etc/ld.so.conf.d/i386-linux-gnu_GL.conf i386-linux-gnu_gl_conf /usr/lib/i386-linux-gnu/mesa/ld.so.conf 500 --slave /usr/lib/i386-linux-gnu/xorg/extra-modules i386-linux-gnu_xorg_extra_modules /usr/lib/i386-linux-gnu/xorg/x11-extra-modules
